TN:
SF:src\App.js
FN:13,(anonymous_0)
FN:21,(anonymous_1)
FN:24,(anonymous_2)
FN:30,(anonymous_3)
FN:34,(anonymous_4)
FN:44,(anonymous_5)
FN:52,(anonymous_6)
FN:58,(anonymous_7)
FN:81,(anonymous_8)
FN:89,(anonymous_9)
FN:89,(anonymous_10)
FN:117,(anonymous_11)
FN:123,(anonymous_12)
FN:136,(anonymous_13)
FN:141,(anonymous_14)
FN:148,(anonymous_15)
FN:153,(anonymous_16)
FN:162,(anonymous_17)
FNF:18
FNH:11
FNDA:8,(anonymous_0)
FNDA:7,(anonymous_1)
FNDA:0,(anonymous_2)
FNDA:7,(anonymous_3)
FNDA:1,(anonymous_4)
FNDA:1,(anonymous_5)
FNDA:2,(anonymous_6)
FNDA:2,(anonymous_7)
FNDA:2,(anonymous_8)
FNDA:10,(anonymous_9)
FNDA:4,(anonymous_10)
FNDA:1,(anonymous_11)
FNDA:0,(anonymous_12)
FNDA:0,(anonymous_13)
FNDA:0,(anonymous_14)
FNDA:0,(anonymous_15)
FNDA:0,(anonymous_16)
FNDA:0,(anonymous_17)
DA:13,1
DA:14,8
DA:15,8
DA:16,8
DA:17,8
DA:18,8
DA:19,8
DA:21,8
DA:22,7
DA:23,7
DA:24,7
DA:25,0
DA:27,0
DA:28,0
DA:30,7
DA:34,8
DA:35,1
DA:36,1
DA:37,1
DA:38,1
DA:44,8
DA:45,1
DA:46,1
DA:47,1
DA:48,1
DA:49,1
DA:52,8
DA:53,2
DA:55,2
DA:58,8
DA:59,2
DA:65,2
DA:67,2
DA:70,2
DA:71,2
DA:72,0
DA:74,2
DA:75,2
DA:78,2
DA:81,8
DA:82,2
DA:83,2
DA:84,2
DA:89,10
DA:91,4
DA:93,4
DA:107,2
DA:108,4
DA:110,4
DA:111,4
DA:114,2
DA:117,8
DA:118,1
DA:120,1
DA:123,8
DA:124,0
DA:125,0
DA:127,0
DA:128,0
DA:130,0
DA:131,0
DA:133,0
DA:136,8
DA:137,0
DA:138,0
DA:141,8
DA:142,0
DA:143,0
DA:148,8
DA:149,0
DA:150,0
DA:153,8
DA:154,0
DA:157,8
DA:162,0
LF:75
LH:56
BRDA:23,0,0,7
BRDA:23,0,1,0
BRDA:72,1,0,0
BRDA:72,1,1,0
BRDA:162,2,0,0
BRDA:162,2,1,0
BRDA:163,3,0,8
BRDA:163,3,1,0
BRF:8
BRH:2
end_of_record
TN:
SF:src\index.js
FNF:0
FNH:0
DA:10,0
DA:20,0
LF:2
LH:0
BRF:0
BRH:0
end_of_record
TN:
SF:src\reportWebVitals.js
FN:1,(anonymous_0)
FN:3,(anonymous_1)
FNF:2
FNH:0
FNDA:0,(anonymous_0)
FNDA:0,(anonymous_1)
DA:1,0
DA:2,0
DA:3,0
DA:4,0
DA:5,0
DA:6,0
DA:7,0
DA:8,0
LF:8
LH:0
BRDA:2,0,0,0
BRDA:2,0,1,0
BRDA:2,1,0,0
BRDA:2,1,1,0
BRF:4
BRH:0
end_of_record
TN:
SF:src\components\Balance.js
FN:18,(anonymous_0)
FN:39,CustomToggle
FN:43,(anonymous_2)
FN:70,(anonymous_3)
FNF:4
FNH:3
FNDA:8,(anonymous_0)
FNDA:6,CustomToggle
FNDA:0,(anonymous_2)
FNDA:6,(anonymous_3)
DA:7,2
DA:18,2
DA:19,8
DA:20,8
DA:21,8
DA:22,8
DA:24,8
DA:30,8
DA:31,3
DA:32,6
DA:34,6
DA:35,6
DA:43,6
DA:44,0
DA:46,6
DA:57,8
DA:71,6
LF:17
LH:16
BRDA:30,0,0,3
BRDA:30,0,1,5
BRDA:59,1,0,5
BRDA:59,1,1,3
BRDA:65,2,0,2
BRDA:65,2,1,1
BRF:6
BRH:6
end_of_record
TN:
SF:src\components\Kraken.js
FN:14,(anonymous_0)
FN:26,(anonymous_1)
FN:34,(anonymous_2)
FN:43,(anonymous_3)
FN:72,(anonymous_4)
FN:101,(anonymous_5)
FNF:6
FNH:6
FNDA:4,(anonymous_0)
FNDA:1,(anonymous_1)
FNDA:3,(anonymous_2)
FNDA:1,(anonymous_3)
FNDA:1,(anonymous_4)
FNDA:1,(anonymous_5)
DA:7,3
DA:14,3
DA:15,4
DA:16,4
DA:17,4
DA:18,4
DA:19,4
DA:21,4
DA:26,3
DA:27,1
DA:34,3
DA:35,3
DA:36,3
DA:38,3
DA:40,3
DA:43,3
DA:44,1
DA:45,1
DA:46,1
DA:48,1
DA:50,1
DA:54,1
DA:56,1
DA:58,1
DA:69,1
DA:72,3
DA:73,1
DA:74,1
DA:75,1
DA:77,1
DA:79,1
DA:83,1
DA:85,1
DA:87,1
DA:98,1
DA:101,3
DA:102,1
DA:103,1
DA:104,1
DA:106,1
DA:108,1
DA:117,1
DA:119,1
DA:121,1
DA:123,1
DA:134,1
DA:138,3
DA:146,3
DA:153,3
DA:160,3
DA:167,3
LF:51
LH:51
BRDA:35,0,0,1
BRDA:35,0,1,2
BRDA:36,1,0,2
BRDA:36,1,1,1
BRF:4
BRH:4
end_of_record
TN:
SF:src\components\OHLC.js
FN:29,(anonymous_0)
FN:37,(anonymous_1)
FN:46,(anonymous_2)
FN:49,(anonymous_3)
FN:54,(anonymous_4)
FN:57,(anonymous_5)
FN:72,(anonymous_6)
FN:74,(anonymous_7)
FN:79,(anonymous_8)
FN:83,(anonymous_9)
FN:87,(anonymous_10)
FN:91,(anonymous_11)
FN:97,(anonymous_12)
FN:101,(anonymous_13)
FN:202,(anonymous_14)
FNF:15
FNH:8
FNDA:9,(anonymous_0)
FNDA:4332,(anonymous_1)
FNDA:0,(anonymous_2)
FNDA:6,(anonymous_3)
FNDA:0,(anonymous_4)
FNDA:6,(anonymous_5)
FNDA:6,(anonymous_6)
FNDA:6,(anonymous_7)
FNDA:600,(anonymous_8)
FNDA:600,(anonymous_9)
FNDA:0,(anonymous_10)
FNDA:0,(anonymous_11)
FNDA:0,(anonymous_12)
FNDA:0,(anonymous_13)
FNDA:0,(anonymous_14)
DA:29,2
DA:30,9
DA:31,9
DA:33,9
DA:34,3
DA:36,9
DA:37,4332
DA:39,9
DA:40,9
DA:41,9
DA:43,9
DA:47,0
DA:49,6
DA:51,9
DA:55,0
DA:57,6
DA:59,9
DA:61,9
DA:64,9
DA:65,9
DA:66,9
DA:67,9
DA:69,9
DA:71,9
DA:72,9
DA:73,9
DA:74,9
DA:75,9
DA:76,9
DA:77,9
DA:79,9
DA:80,600
DA:83,9
DA:84,600
DA:87,9
DA:88,0
DA:91,9
DA:92,0
DA:97,9
DA:98,0
DA:101,9
DA:102,0
DA:105,9
DA:203,0
LF:44
LH:37
BRDA:33,0,0,6
BRDA:33,0,1,3
BRDA:92,1,0,0
BRDA:92,1,1,0
BRDA:102,2,0,0
BRDA:102,2,1,0
BRDA:108,3,0,3
BRDA:108,3,1,6
BRF:8
BRH:4
end_of_record
TN:
SF:src\components\Ticker.js
FN:9,(anonymous_0)
FNF:1
FNH:1
FNDA:8,(anonymous_0)
DA:3,2
DA:9,2
DA:23,8
DA:24,8
DA:26,8
LF:5
LH:5
BRDA:28,0,0,1
BRDA:28,0,1,7
BRF:2
BRH:2
end_of_record
TN:
SF:src\components\TradesHistory.js
FN:10,(anonymous_0)
FN:20,(anonymous_1)
FN:46,(anonymous_2)
FN:65,(anonymous_3)
FN:83,(anonymous_4)
FNF:5
FNH:5
FNDA:6,(anonymous_0)
FNDA:300,(anonymous_1)
FNDA:6,(anonymous_2)
FNDA:9,(anonymous_3)
FNDA:6,(anonymous_4)
DA:10,2
DA:11,6
DA:12,6
DA:13,6
DA:14,6
DA:16,6
DA:17,6
DA:18,6
DA:20,6
DA:22,300
DA:23,9
DA:24,9
DA:25,9
DA:26,9
DA:27,9
DA:30,9
DA:38,9
DA:42,6
DA:46,2
DA:47,6
DA:49,6
DA:66,9
DA:83,2
DA:84,6
DA:85,6
DA:86,6
DA:87,6
DA:89,6
DA:91,6
DA:92,6
DA:95,6
LF:31
LH:31
BRDA:22,0,0,9
BRDA:22,0,1,291
BRDA:23,1,0,9
BRDA:23,1,1,0
BRDA:24,2,0,9
BRDA:24,2,1,0
BRDA:91,3,0,6
BRDA:91,3,1,0
BRDA:97,4,0,0
BRDA:97,4,1,6
BRF:10
BRH:6
end_of_record
TN:
SF:src\components\kraken-config.js
FNF:0
FNH:0
DA:2,3
DA:4,3
DA:20,3
LF:3
LH:3
BRF:0
BRH:0
end_of_record
TN:
SF:src\components\kraken-secret.js
FNF:0
FNH:0
DA:3,3
DA:8,3
LF:2
LH:2
BRF:0
BRH:0
end_of_record
TN:
SF:src\components\ohlcUtils.js
FN:3,(anonymous_0)
FNF:1
FNH:1
FNDA:7,(anonymous_0)
DA:3,2
DA:4,7
DA:5,7
DA:7,7
DA:8,4322
DA:17,7
LF:6
LH:6
BRF:0
BRH:0
end_of_record
TN:
SF:src\components\template_kraken-secret.js
FNF:0
FNH:0
DA:3,0
DA:8,0
LF:2
LH:0
BRF:0
BRH:0
end_of_record
